build/app/outputs/mapping/r8/release/mapping.txt
# compiler: R8
# compiler_version: 1.2.49
# min_api: 16
...
io.flutter.embedding.engine.systemchannels.TextInputChannel$TextInputMethodHandler -> io.flutter.embedding.engine.d.t$e:
    void clearClient() -> b
    void finishAutofillContext(boolean) -> a
    void hide() -> d
    void requestAutofill() -> a
    void sendAppPrivateCommand(java.lang.String,android.os.Bundle) -> a
    void setClient(int,io.flutter.embedding.engine.systemchannels.TextInputChannel$Configuration) -> a
    void setEditableSizeAndTransform(double,double,double[]) -> a
    void setEditingState(io.flutter.embedding.engine.systemchannels.TextInputChannel$TextEditState) -> a
    void setPlatformViewClient(int) -> a
    void show() -> c
io.flutter.embedding.engine.systemchannels.TextInputChannel$TextInputType -> io.flutter.embedding.engine.d.t$f:
    java.lang.String encodedName -> l
    io.flutter.embedding.engine.systemchannels.TextInputChannel$TextInputType DATETIME -> b
    io.flutter.embedding.engine.systemchannels.TextInputChannel$TextInputType EMAIL_ADDRESS -> h
    io.flutter.embedding.engine.systemchannels.TextInputChannel$TextInputType MULTILINE -> g
    io.flutter.embedding.engine.systemchannels.TextInputChannel$TextInputType NAME -> c
    io.flutter.embedding.engine.systemchannels.TextInputChannel$TextInputType NUMBER -> e
    io.flutter.embedding.engine.systemchannels.TextInputChannel$TextInputType PHONE -> f
    io.flutter.embedding.engine.systemchannels.TextInputChannel$TextInputType POSTAL_ADDRESS -> d
    io.flutter.embedding.engine.systemchannels.TextInputChannel$TextInputType TEXT -> a
    io.flutter.embedding.engine.systemchannels.TextInputChannel$TextInputType URL -> i
    io.flutter.embedding.engine.systemchannels.TextInputChannel$TextInputType VISIBLE_PASSWORD -> j
    io.flutter.embedding.engine.systemchannels.TextInputChannel$TextInputType[] $VALUES -> k
    io.flutter.embedding.engine.systemchannels.TextInputChannel$TextInputType fromValue(java.lang.String) -> a
io.flutter.plugin.common.ActivityLifecycleListener -> a.a.a.a.a:
io.flutter.plugin.common.BasicMessageChannel -> a.a.a.a.d:
    io.flutter.plugin.common.BinaryMessenger messenger -> a
    io.flutter.plugin.common.MessageCodec codec -> c
    java.lang.String name -> b
    io.flutter.plugin.common.MessageCodec access$200(io.flutter.plugin.common.BasicMessageChannel) -> a
    java.lang.String access$300(io.flutter.plugin.common.BasicMessageChannel) -> b
    void send(java.lang.Object) -> a
    void send(java.lang.Object,io.flutter.plugin.common.BasicMessageChannel$Reply) -> a
    void setMessageHandler(io.flutter.plugin.common.BasicMessageChannel$MessageHandler) -> a
io.flutter.plugin.common.BasicMessageChannel$1 -> a.a.a.a.b:
io.flutter.plugin.common.BasicMessageChannel$IncomingMessageHandler -> a.a.a.a.d$a:
    io.flutter.plugin.common.BasicMessageChannel this$0 -> b
    io.flutter.plugin.common.BasicMessageChannel$MessageHandler handler -> a
    void onMessage(java.nio.ByteBuffer,io.flutter.plugin.common.BinaryMessenger$BinaryReply) -> a
io.flutter.plugin.common.BasicMessageChannel$IncomingMessageHandler$1 -> a.a.a.a.c:
    io.flutter.plugin.common.BasicMessageChannel$IncomingMessageHandler this$1 -> b
    io.flutter.plugin.common.BinaryMessenger$BinaryReply val$callback -> a
    void reply(java.lang.Object) -> a
io.flutter.plugin.common.BasicMessageChannel$IncomingReplyHandler -> a.a.a.a.d$b:
    io.flutter.plugin.common.BasicMessageChannel this$0 -> b
    io.flutter.plugin.common.BasicMessageChannel$Reply callback -> a
    void reply(java.nio.ByteBuffer) -> a
io.flutter.plugin.common.BasicMessageChannel$MessageHandler -> a.a.a.a.d$c:
    void onMessage(java.lang.Object,io.flutter.plugin.common.BasicMessageChannel$Reply) -> a
io.flutter.plugin.common.BasicMessageChannel$Reply -> a.a.a.a.d$d:
    void reply(java.lang.Object) -> a